<?xml version="1.0" encoding="UTF-8"?>
<!-- Generated by org.testng.reporters.JUnitReportReporter -->
<testsuite skipped="0" hostname="HVDIVD00MIS1614" name="com.TestCase.Application.BVT.BVTZoneSearchMenuValidation" tests="1" failures="0" timestamp="25 Jul 2017 16:51:27 GMT" time="615.188" errors="0">
  <testcase name="test" time="615.188" classname="com.TestCase.Application.BVT.BVTZoneSearchMenuValidation"/>
</testsuite> <!-- com.TestCase.Application.BVT.BVTZoneSearchMenuValidation -->
