<?xml version="1.0" encoding="UTF-8"?>
<!-- Generated by org.testng.reporters.JUnitReportReporter -->
<testsuite skipped="0" hostname="HVDIVD00MIS1614" name="com.TestCase.Application.BVT.BVTZoneTopMenuValidation" tests="1" failures="1" timestamp="17 Jul 2017 23:00:47 GMT" time="73.533" errors="0">
  <testcase name="test" time="73.533" classname="com.TestCase.Application.BVT.BVTZoneTopMenuValidation">
    <failure type="java.lang.AssertionError" message="Verify Sales Support option is present">
      <![CDATA[java.lang.AssertionError: Verify Sales Support option is present
	at org.testng.Assert.fail(Assert.java:93)
	at com.SupportingFiles.Report.TestPoint(Report.java:442)
	at com.AppSpecificLibrary.myATT_Zone.verifySearchOptionsOfTopMenu(myATT_Zone.java:867)
	at com.AppSpecificLibrary.MyATTZoneDashboard.verifyTopMenuAndNavigations(MyATTZoneDashboard.java:783)
	at com.TestCase.Application.BVT.BVTZoneTopMenuValidation.test(BVTZoneTopMenuValidation.java:42)
	at sun.reflect.NativeMethodAccessorImpl.invoke0(Native Method)
	at sun.reflect.NativeMethodAccessorImpl.invoke(Unknown Source)
	at sun.reflect.DelegatingMethodAccessorImpl.invoke(Unknown Source)
	at java.lang.reflect.Method.invoke(Unknown Source)
	at org.testng.internal.MethodInvocationHelper.invokeMethod(MethodInvocationHelper.java:108)
	at org.testng.internal.Invoker.invokeMethod(Invoker.java:661)
	at org.testng.internal.Invoker.invokeTestMethod(Invoker.java:869)
	at org.testng.internal.Invoker.invokeTestMethods(Invoker.java:1193)
	at org.testng.internal.TestMethodWorker.invokeTestMethods(TestMethodWorker.java:126)
	at org.testng.internal.TestMethodWorker.run(TestMethodWorker.java:109)
	at org.testng.TestRunner.privateRun(TestRunner.java:744)
	at org.testng.TestRunner.run(TestRunner.java:602)
	at org.testng.SuiteRunner.runTest(SuiteRunner.java:380)
	at org.testng.SuiteRunner.access$000(SuiteRunner.java:39)
	at org.testng.SuiteRunner$SuiteWorker.run(SuiteRunner.java:414)
	at org.testng.internal.thread.ThreadUtil$1.call(ThreadUtil.java:52)
	at java.util.concurrent.FutureTask.run(Unknown Source)
	at java.util.concurrent.ThreadPoolExecutor.runWorker(Unknown Source)
	at java.util.concurrent.ThreadPoolExecutor$Worker.run(Unknown Source)
	at java.lang.Thread.run(Unknown Source)
]]>
    </failure>
  </testcase> <!-- test -->
</testsuite> <!-- com.TestCase.Application.BVT.BVTZoneTopMenuValidation -->
