<?xml version="1.0" encoding="UTF-8"?>
<!-- Generated by org.testng.reporters.JUnitReportReporter -->
<testsuite skipped="1" hostname="MOCDTL01MM847H" name="com.TestCase.Application.BVT.BVTuverseSAflow" tests="2" failures="0" timestamp="05 Jul 2017 17:35:33 GMT" time="0.046" errors="1">
  <testcase name="test" time="0.000" classname="com.TestCase.Application.BVT.BVTuverseSAflow">
    <skipped/>
  </testcase> <!-- test -->
  <testcase name="beforeTest" time="0.046" classname="com.TestCase.Application.BVT.BVTuverseSAflow">
    <error type="java.lang.NoClassDefFoundError" message="org/apache/poi/ss/usermodel/Workbook">
      <![CDATA[java.lang.NoClassDefFoundError: org/apache/poi/ss/usermodel/Workbook
	at com.SupportingFiles.LaunchAndLogout.LaunchApplication(LaunchAndLogout.java:493)
	at com.TestCase.Application.BVT.BVTuverseSAflow.beforeTest(BVTuverseSAflow.java:25)
	at sun.reflect.NativeMethodAccessorImpl.invoke0(Native Method)
	at sun.reflect.NativeMethodAccessorImpl.invoke(Unknown Source)
	at sun.reflect.DelegatingMethodAccessorImpl.invoke(Unknown Source)
	at java.lang.reflect.Method.invoke(Unknown Source)
	at org.testng.internal.MethodInvocationHelper.invokeMethod(MethodInvocationHelper.java:108)
	at org.testng.internal.Invoker.invokeConfigurationMethod(Invoker.java:523)
	at org.testng.internal.Invoker.invokeConfigurations(Invoker.java:224)
	at org.testng.internal.Invoker.invokeConfigurations(Invoker.java:146)
	at org.testng.TestRunner.beforeRun(TestRunner.java:626)
	at org.testng.TestRunner.run(TestRunner.java:594)
	at org.testng.SuiteRunner.runTest(SuiteRunner.java:380)
	at org.testng.SuiteRunner.access$000(SuiteRunner.java:39)
	at org.testng.SuiteRunner$SuiteWorker.run(SuiteRunner.java:414)
	at org.testng.internal.thread.ThreadUtil$1.call(ThreadUtil.java:52)
	at java.util.concurrent.FutureTask.run(Unknown Source)
	at java.util.concurrent.ThreadPoolExecutor.runWorker(Unknown Source)
	at java.util.concurrent.ThreadPoolExecutor$Worker.run(Unknown Source)
	at java.lang.Thread.run(Unknown Source)
Caused by: java.lang.ClassNotFoundException: org.apache.poi.ss.usermodel.Workbook
	at java.net.URLClassLoader.findClass(Unknown Source)
	at java.lang.ClassLoader.loadClass(Unknown Source)
	at sun.misc.Launcher$AppClassLoader.loadClass(Unknown Source)
	at java.lang.ClassLoader.loadClass(Unknown Source)
	... 20 more
]]>
    </error>
  </testcase> <!-- beforeTest -->
</testsuite> <!-- com.TestCase.Application.BVT.BVTuverseSAflow -->
